This is XeTeX, Version 3.141592653-2.6-0.999993 (TeX Live 2021/Arch Linux) (preloaded format=xelatex 2022.2.6)  7 FEB 2022 14:49
entering extended mode
 restricted \write18 enabled.
 file:line:error style messages enabled.
 %&-line parsing enabled.
**commands.tex
(./commands.tex
LaTeX2e <2021-11-15> patch level 1
L3 programming layer <2021-11-22>)
! Emergency stop.
<*> commands.tex
                
*** (job aborted, no legal \end found)

 
Here is how much of TeX's memory you used:
 25 strings out of 476257
 397 string characters out of 5816920
 305121 words of memory out of 5000000
 20797 multiletter control sequences out of 15000+600000
 403430 words of font info for 27 fonts, out of 8000000 for 9000
 1348 hyphenation exceptions out of 8191
 12i,0n,12p,90b,10s stack positions out of 5000i,500n,10000p,200000b,80000s
No pages of output.
